#
# A fatal error has been detected by the Java Runtime Environment:
#
#  EXCEPTION_ACCESS_VIOLATION (0xc0000005) at pc=0x00000000695d1c17, pid=7764, tid=8248
#
# JRE version: Java(TM) SE Runtime Environment (8.0_74-b02) (build 1.8.0_74-b02)
# Java VM: Java HotSpot(TM) 64-Bit Server VM (25.74-b02 mixed mode windows-amd64 compressed oops)
# Problematic frame:
# V  [jvm.dll+0x211c17]
#
# Failed to write core dump. Minidumps are not enabled by default on client versions of Windows
#
# If you would like to submit a bug report, please visit:
#   http://bugreport.java.com/bugreport/crash.jsp
#

---------------  T H R E A D  ---------------

Current thread (0x000000005733d800):  JavaThread "Catalina-utility-3" [_thread_in_vm, id=8248, stack(0x000000005b7d0000,0x000000005b8d0000)]

siginfo: ExceptionCode=0xc0000005, writing address 0x000000005b8ca000

Registers:
RAX=0x000000005b8ca000, RBX=0x0000000000000006, RCX=0x0000000000005000, RDX=0x0000000000000006
RSP=0x000000005b8cf000, RBP=0x0000000000000000, RSI=0x000000005b8cf000, RDI=0x0000000000000006
R8 =0x0000000000000006, R9 =0x000000005994e270, R10=0x000000005483d3f8, R11=0x000000005b7da148
R12=0x000000005994e270, R13=0x000000005733d800, R14=0x000000005b8cf0c8, R15=0x000000005483d3f8
RIP=0x00000000695d1c17, EFLAGS=0x0000000000010206

Top of Stack: (sp=0x000000005b8cf000)
0x000000005b8cf000:   0000000076acfffc 0000000000000000
0x000000005b8cf010:   000000005733d800 000000005994e270
0x000000005b8cf020:   00000000ffffffff 00000000695d2b47
0x000000005b8cf030:   000000005b8cf130 000000005483d3f8
0x000000005b8cf040:   000000005733d800 000000006947f7a3
0x000000005b8cf050:   000000005b8cf090 000000005733d800
0x000000005b8cf060:   000000005b8cf120 000000005733d800
0x000000005b8cf070:   000000005483d3f8 000000005733d800
0x000000005b8cf080:   00000000029210c0 000000005733d800
0x000000005b8cf090:   000000005483d3f8 000000005733d800
0x000000005b8cf0a0:   000000005483d3f8 000000005733d800
0x000000005b8cf0b0:   0000000000000001 000000005483d3f8
0x000000005b8cf0c0:   000000005733d800 0000000059755250
0x000000005b8cf0d0:   000000005733d800 0000000069480c8d
0x000000005b8cf0e0:   000000005b8cf3e8 00000000148169a0
0x000000005b8cf0f0:   0000000014ce0740 000000005b8cf1e0 

Instructions: (pc=0x00000000695d1c17)
0x00000000695d1bf7:   48 89 6c 24 30 33 ed 66 90 e8 4b 36 08 00 ff c3
0x00000000695d1c07:   48 63 c8 48 8b c6 48 0f af cf 48 ff c7 48 2b c1
0x00000000695d1c17:   89 28 48 63 c3 48 3b 05 6d aa 58 00 7e db 48 8b
0x00000000695d1c27:   6c 24 30 48 8b 5c 24 38 48 8b 74 24 40 48 83 c4 


Register to memory mapping:

RAX=0x000000005b8ca000 is pointing into the stack for thread: 0x000000005733d800
RBX=0x0000000000000006 is an unknown value
RCX=0x0000000000005000 is an unknown value
RDX=0x0000000000000006 is an unknown value
RSP=0x000000005b8cf000 is pointing into the stack for thread: 0x000000005733d800
RBP=0x0000000000000000 is an unknown value
RSI=0x000000005b8cf000 is pointing into the stack for thread: 0x000000005733d800
RDI=0x0000000000000006 is an unknown value
R8 =0x0000000000000006 is an unknown value
R9 =0x000000005994e270 is an unknown value
R10={method} {0x000000005483d400} 'run' '()V' in 'java/lang/Thread'
R11=0x000000005b7da148 is pointing into the stack for thread: 0x000000005733d800
R12=0x000000005994e270 is an unknown value
R13=0x000000005733d800 is a thread
R14=0x000000005b8cf0c8 is pointing into the stack for thread: 0x000000005733d800
R15={method} {0x000000005483d400} 'run' '()V' in 'java/lang/Thread'


Stack: [0x000000005b7d0000,0x000000005b8d0000],  sp=0x000000005b8cf000,  free space=1020k
Native frames: (J=compiled Java code, j=interpreted, Vv=VM code, C=native code)


---------------  P R O C E S S  ---------------

Java Threads: ( => current thread )
  0x000000005733e800 JavaThread "container-0" [_thread_blocked, id=9768, stack(0x000000005b8e0000,0x000000005b9e0000)]
=>0x000000005733d800 JavaThread "Catalina-utility-3" [_thread_in_vm, id=8248, stack(0x000000005b7d0000,0x000000005b8d0000)]
  0x000000005733d000 JavaThread "Catalina-utility-1" [_thread_blocked, id=4596, stack(0x000000005b6c0000,0x000000005b7c0000)]
  0x00000000595cb000 JavaThread "ForkJoinPool.commonPool-worker-3" daemon [_thread_blocked, id=6356, stack(0x000000005aef0000,0x000000005aff0000)]
  0x00000000595ca000 JavaThread "ForkJoinPool.commonPool-worker-2" daemon [_thread_blocked, id=10212, stack(0x000000005add0000,0x000000005aed0000)]
  0x0000000059628000 JavaThread "ForkJoinPool.commonPool-worker-1" daemon [_thread_blocked, id=8364, stack(0x000000005ac80000,0x000000005ad80000)]
  0x0000000059492800 JavaThread "Druid-ConnectionPool-Destroy-1243495105" daemon [_thread_blocked, id=9824, stack(0x000000005a7b0000,0x000000005a8b0000)]
  0x0000000059492000 JavaThread "Druid-ConnectionPool-Create-1243495105" daemon [_thread_blocked, id=9636, stack(0x000000005a8e0000,0x000000005a9e0000)]
  0x000000005947d000 JavaThread "Abandoned connection cleanup thread" daemon [_thread_blocked, id=5324, stack(0x0000000058c40000,0x0000000058d40000)]
  0x00000000571f7000 JavaThread "RMI Scheduler(0)" daemon [_thread_blocked, id=9332, stack(0x0000000057c40000,0x0000000057d40000)]
  0x00000000571d4800 JavaThread "RMI TCP Connection(1)-192.168.80.128" daemon [_thread_in_native, id=9220, stack(0x0000000058280000,0x0000000058380000)]
  0x0000000056f36800 JavaThread "RMI TCP Accept-0" daemon [_thread_in_native, id=6264, stack(0x00000000584b0000,0x00000000585b0000)]
  0x0000000056ddd000 JavaThread "Service Thread" daemon [_thread_blocked, id=2236, stack(0x0000000057f10000,0x0000000058010000)]
  0x0000000056970000 JavaThread "C1 CompilerThread2" daemon [_thread_blocked, id=7456, stack(0x0000000057b40000,0x0000000057c40000)]
  0x000000005696d800 JavaThread "C2 CompilerThread1" daemon [_thread_blocked, id=6960, stack(0x0000000057910000,0x0000000057a10000)]
  0x000000005696d000 JavaThread "C2 CompilerThread0" daemon [_thread_blocked, id=2912, stack(0x0000000057710000,0x0000000057810000)]
  0x00000000569fe800 JavaThread "Monitor Ctrl-Break" daemon [_thread_in_native, id=4684, stack(0x0000000057540000,0x0000000057640000)]
  0x000000005660a800 JavaThread "Attach Listener" daemon [_thread_blocked, id=4208, stack(0x0000000056c20000,0x0000000056d20000)]
  0x0000000055201800 JavaThread "Signal Dispatcher" daemon [_thread_blocked, id=10048, stack(0x0000000056a50000,0x0000000056b50000)]
  0x00000000551ee000 JavaThread "Finalizer" daemon [_thread_blocked, id=8868, stack(0x0000000056500000,0x0000000056600000)]
  0x00000000551a7000 JavaThread "Reference Handler" daemon [_thread_blocked, id=7088, stack(0x0000000056330000,0x0000000056430000)]
  0x000000000249b000 JavaThread "main" [_thread_in_native, id=9396, stack(0x0000000002710000,0x0000000002810000)]

Other Threads:
  0x000000005519f800 VMThread [stack: 0x0000000056120000,0x0000000056220000] [id=5768]
  0x0000000056f7f000 WatcherThread [stack: 0x0000000058030000,0x0000000058130000] [id=9432]

VM state:not at safepoint (normal execution)

VM Mutex/Monitor currently owned by a thread: None

Heap:
 PSYoungGen      total 72704K, used 3700K [0x00000000eb400000, 0x00000000f0200000, 0x0000000100000000)
  eden space 65536K, 5% used [0x00000000eb400000,0x00000000eb79d148,0x00000000ef400000)
  from space 7168K, 0% used [0x00000000ef400000,0x00000000ef400000,0x00000000efb00000)
  to   space 7168K, 0% used [0x00000000efb00000,0x00000000efb00000,0x00000000f0200000)
 ParOldGen       total 37376K, used 13542K [0x00000000c1c00000, 0x00000000c4080000, 0x00000000eb400000)
  object space 37376K, 36% used [0x00000000c1c00000,0x00000000c2939a10,0x00000000c4080000)
 Metaspace       used 34636K, capacity 36497K, committed 36736K, reserved 1085440K
  class space    used 4574K, capacity 4946K, committed 4992K, reserved 1048576K

Card table byte_map: [0x0000000011cd0000,0x0000000011ed0000] byte_map_base: 0x00000000116c2000

Marking Bits: (ParMarkBitMap*) 0x0000000069bd0600
 Begin Bits: [0x00000000126f0000, 0x0000000013680000)
 End Bits:   [0x0000000013680000, 0x0000000014610000)

Polling page: 0x0000000000330000

CodeCache: size=245760Kb used=6527Kb max_used=6527Kb free=239232Kb
 bounds [0x0000000002910000, 0x0000000002f80000, 0x0000000011910000]
 total_blobs=3842 nmethods=3352 adapters=402
 compilation: enabled

Compilation events (10 events):
Event: 4.829 Thread 0x0000000056970000 nmethod 3345 0x0000000002f6cc50 code [0x0000000002f6ce00, 0x0000000002f6d148]
Event: 4.830 Thread 0x0000000056970000 3346   !   1       java.io.ObjectOutputStream::writeOrdinaryObject (175 bytes)
Event: 4.830 Thread 0x0000000056970000 nmethod 3346 0x0000000002f6d450 code [0x0000000002f6d660, 0x0000000002f6dc28]
Event: 4.831 Thread 0x0000000056970000 3347       1       java.io.ObjectStreamClass::checkSerialize (20 bytes)
Event: 4.831 Thread 0x0000000056970000 nmethod 3347 0x0000000002f6e590 code [0x0000000002f6e700, 0x0000000002f6e958]
Event: 4.836 Thread 0x0000000056970000 3348       1       java.lang.Enum::equals (11 bytes)
Event: 4.836 Thread 0x0000000056970000 nmethod 3348 0x0000000002f6ead0 code [0x0000000002f6ec20, 0x0000000002f6ed30]
Event: 4.838 Thread 0x0000000056970000 3349       1       org.apache.catalina.LifecycleState::getLifecycleEvent (5 bytes)
Event: 4.838 Thread 0x0000000056970000 nmethod 3349 0x0000000002f6ed90 code [0x0000000002f6eee0, 0x0000000002f6eff0]
Event: 4.840 Thread 0x0000000056970000 3350       1       java.security.AccessControlContext::combine (205 bytes)

GC Heap History (10 events):
Event: 4.657 GC heap before
{Heap before GC invocations=15 (full 4):
 PSYoungGen      total 72704K, used 262K [0x00000000eb400000, 0x00000000f0200000, 0x0000000100000000)
  eden space 65536K, 0% used [0x00000000eb400000,0x00000000eb400000,0x00000000ef400000)
  from space 7168K, 3% used [0x00000000ef400000,0x00000000ef4419c0,0x00000000efb00000)
  to   space 7168K, 0% used [0x00000000efb00000,0x00000000efb00000,0x00000000f0200000)
 ParOldGen       total 37376K, used 13983K [0x00000000c1c00000, 0x00000000c4080000, 0x00000000eb400000)
  object space 37376K, 37% used [0x00000000c1c00000,0x00000000c29a7e30,0x00000000c4080000)
 Metaspace       used 34279K, capacity 36099K, committed 36224K, reserved 1091584K
  class space    used 4513K, capacity 4879K, committed 4992K, reserved 1048576K
Event: 4.694 GC heap after
Heap after GC invocations=15 (full 4):
 PSYoungGen      total 72704K, used 0K [0x00000000eb400000, 0x00000000f0200000, 0x0000000100000000)
  eden space 65536K, 0% used [0x00000000eb400000,0x00000000eb400000,0x00000000ef400000)
  from space 7168K, 0% used [0x00000000ef400000,0x00000000ef400000,0x00000000efb00000)
  to   space 7168K, 0% used [0x00000000efb00000,0x00000000efb00000,0x00000000f0200000)
 ParOldGen       total 37376K, used 13463K [0x00000000c1c00000, 0x00000000c4080000, 0x00000000eb400000)
  object space 37376K, 36% used [0x00000000c1c00000,0x00000000c2925e20,0x00000000c4080000)
 Metaspace       used 34279K, capacity 36099K, committed 36224K, reserved 1083392K
  class space    used 4513K, capacity 4879K, committed 4992K, reserved 1048576K
}
Event: 4.735 GC heap before
{Heap before GC invocations=16 (full 4):
 PSYoungGen      total 72704K, used 5770K [0x00000000eb400000, 0x00000000f0200000, 0x0000000100000000)
  eden space 65536K, 8% used [0x00000000eb400000,0x00000000eb9a2890,0x00000000ef400000)
  from space 7168K, 0% used [0x00000000ef400000,0x00000000ef400000,0x00000000efb00000)
  to   space 7168K, 0% used [0x00000000efb00000,0x00000000efb00000,0x00000000f0200000)
 ParOldGen       total 37376K, used 13463K [0x00000000c1c00000, 0x00000000c4080000, 0x00000000eb400000)
  object space 37376K, 36% used [0x00000000c1c00000,0x00000000c2925e20,0x00000000c4080000)
 Metaspace       used 34512K, capacity 36325K, committed 36480K, reserved 1087488K
  class space    used 4551K, capacity 4912K, committed 4992K, reserved 1048576K
Event: 4.736 GC heap after
Heap after GC invocations=16 (full 4):
 PSYoungGen      total 72704K, used 452K [0x00000000eb400000, 0x00000000f0200000, 0x0000000100000000)
  eden space 65536K, 0% used [0x00000000eb400000,0x00000000eb400000,0x00000000ef400000)
  from space 7168K, 6% used [0x00000000efb00000,0x00000000efb71190,0x00000000f0200000)
  to   space 7168K, 0% used [0x00000000ef400000,0x00000000ef400000,0x00000000efb00000)
 ParOldGen       total 37376K, used 13471K [0x00000000c1c00000, 0x00000000c4080000, 0x00000000eb400000)
  object space 37376K, 36% used [0x00000000c1c00000,0x00000000c2927e20,0x00000000c4080000)
 Metaspace       used 34512K, capacity 36325K, committed 36480K, reserved 1087488K
  class space    used 4551K, capacity 4912K, committed 4992K, reserved 1048576K
}
Event: 4.736 GC heap before
{Heap before GC invocations=17 (full 5):
 PSYoungGen      total 72704K, used 452K [0x00000000eb400000, 0x00000000f0200000, 0x0000000100000000)
  eden space 65536K, 0% used [0x00000000eb400000,0x00000000eb400000,0x00000000ef400000)
  from space 7168K, 6% used [0x00000000efb00000,0x00000000efb71190,0x00000000f0200000)
  to   space 7168K, 0% used [0x00000000ef400000,0x00000000ef400000,0x00000000efb00000)
 ParOldGen       total 37376K, used 13471K [0x00000000c1c00000, 0x00000000c4080000, 0x00000000eb400000)
  object space 37376K, 36% used [0x00000000c1c00000,0x00000000c2927e20,0x00000000c4080000)
 Metaspace       used 34512K, capacity 36325K, committed 36480K, reserved 1087488K
  class space    used 4551K, capacity 4912K, committed 4992K, reserved 1048576K
Event: 4.786 GC heap after
Heap after GC invocations=17 (full 5):
 PSYoungGen      total 72704K, used 0K [0x00000000eb400000, 0x00000000f0200000, 0x0000000100000000)
  eden space 65536K, 0% used [0x00000000eb400000,0x00000000eb400000,0x00000000ef400000)
  from space 7168K, 0% used [0x00000000efb00000,0x00000000efb00000,0x00000000f0200000)
  to   space 7168K, 0% used [0x00000000ef400000,0x00000000ef400000,0x00000000efb00000)
 ParOldGen       total 37376K, used 13733K [0x00000000c1c00000, 0x00000000c4080000, 0x00000000eb400000)
  object space 37376K, 36% used [0x00000000c1c00000,0x00000000c29697f8,0x00000000c4080000)
 Metaspace       used 34512K, capacity 36325K, committed 36480K, reserved 1085440K
  class space    used 4551K, capacity 4912K, committed 4992K, reserved 1048576K
}
Event: 4.787 GC heap before
{Heap before GC invocations=18 (full 5):
 PSYoungGen      total 72704K, used 1147K [0x00000000eb400000, 0x00000000f0200000, 0x0000000100000000)
  eden space 65536K, 1% used [0x00000000eb400000,0x00000000eb51eec8,0x00000000ef400000)
  from space 7168K, 0% used [0x00000000efb00000,0x00000000efb00000,0x00000000f0200000)
  to   space 7168K, 0% used [0x00000000ef400000,0x00000000ef400000,0x00000000efb00000)
 ParOldGen       total 37376K, used 13733K [0x00000000c1c00000, 0x00000000c4080000, 0x00000000eb400000)
  object space 37376K, 36% used [0x00000000c1c00000,0x00000000c29697f8,0x00000000c4080000)
 Metaspace       used 34512K, capacity 36325K, committed 36480K, reserved 1089536K
  class space    used 4551K, capacity 4912K, committed 4992K, reserved 1048576K
Event: 4.789 GC heap after
Heap after GC invocations=18 (full 5):
 PSYoungGen      total 72704K, used 96K [0x00000000eb400000, 0x00000000f0200000, 0x0000000100000000)
  eden space 65536K, 0% used [0x00000000eb400000,0x00000000eb400000,0x00000000ef400000)
  from space 7168K, 1% used [0x00000000ef400000,0x00000000ef418000,0x00000000efb00000)
  to   space 7168K, 0% used [0x00000000efb00000,0x00000000efb00000,0x00000000f0200000)
 ParOldGen       total 37376K, used 13733K [0x00000000c1c00000, 0x00000000c4080000, 0x00000000eb400000)
  object space 37376K, 36% used [0x00000000c1c00000,0x00000000c29697f8,0x00000000c4080000)
 Metaspace       used 34512K, capacity 36325K, committed 36480K, reserved 1089536K
  class space    used 4551K, capacity 4912K, committed 4992K, reserved 1048576K
}
Event: 4.789 GC heap before
{Heap before GC invocations=19 (full 6):
 PSYoungGen      total 72704K, used 96K [0x00000000eb400000, 0x00000000f0200000, 0x0000000100000000)
  eden space 65536K, 0% used [0x00000000eb400000,0x00000000eb400000,0x00000000ef400000)
  from space 7168K, 1% used [0x00000000ef400000,0x00000000ef418000,0x00000000efb00000)
  to   space 7168K, 0% used [0x00000000efb00000,0x00000000efb00000,0x00000000f0200000)
 ParOldGen       total 37376K, used 13733K [0x00000000c1c00000, 0x00000000c4080000, 0x00000000eb400000)
  object space 37376K, 36% used [0x00000000c1c00000,0x00000000c29697f8,0x00000000c4080000)
 Metaspace       used 34512K, capacity 36325K, committed 36480K, reserved 1089536K
  class space    used 4551K, capacity 4912K, committed 4992K, reserved 1048576K
Event: 4.826 GC heap after
Heap after GC invocations=19 (full 6):
 PSYoungGen      total 72704K, used 0K [0x00000000eb400000, 0x00000000f0200000, 0x0000000100000000)
  eden space 65536K, 0% used [0x00000000eb400000,0x00000000eb400000,0x00000000ef400000)
  from space 7168K, 0% used [0x00000000ef400000,0x00000000ef400000,0x00000000efb00000)
  to   space 7168K, 0% used [0x00000000efb00000,0x00000000efb00000,0x00000000f0200000)
 ParOldGen       total 37376K, used 13542K [0x00000000c1c00000, 0x00000000c4080000, 0x00000000eb400000)
  object space 37376K, 36% used [0x00000000c1c00000,0x00000000c2939a10,0x00000000c4080000)
 Metaspace       used 34512K, capacity 36325K, committed 36480K, reserved 1085440K
  class space    used 4551K, capacity 4912K, committed 4992K, reserved 1048576K
}

Deoptimization events (0 events):
No events

Internal exceptions (10 events):
Event: 4.171 Thread 0x000000000249b000 Exception <a 'java/lang/ArrayIndexOutOfBoundsException'> (0x00000000eb95d030) thrown at [C:\re\workspace\8-2-build-windows-amd64-cygwin\jdk8u74\6087\hotspot\src\share\vm\runtime\sharedRuntime.cpp, line 605]
Event: 4.183 Thread 0x000000000249b000 Exception <a 'java/lang/ArrayIndexOutOfBoundsException'> (0x00000000eba52428) thrown at [C:\re\workspace\8-2-build-windows-amd64-cygwin\jdk8u74\6087\hotspot\src\share\vm\runtime\sharedRuntime.cpp, line 605]
Event: 4.221 Thread 0x000000000249b000 Exception <a 'java/lang/ArrayIndexOutOfBoundsException'> (0x00000000ebe116c0) thrown at [C:\re\workspace\8-2-build-windows-amd64-cygwin\jdk8u74\6087\hotspot\src\share\vm\runtime\sharedRuntime.cpp, line 605]
Event: 4.221 Thread 0x000000000249b000 Exception <a 'java/lang/ArrayIndexOutOfBoundsException'> (0x00000000ebe12a08) thrown at [C:\re\workspace\8-2-build-windows-amd64-cygwin\jdk8u74\6087\hotspot\src\share\vm\runtime\sharedRuntime.cpp, line 605]
Event: 4.221 Thread 0x000000000249b000 Exception <a 'java/lang/ArrayIndexOutOfBoundsException'> (0x00000000ebe14250) thrown at [C:\re\workspace\8-2-build-windows-amd64-cygwin\jdk8u74\6087\hotspot\src\share\vm\runtime\sharedRuntime.cpp, line 605]
Event: 4.285 Thread 0x00000000571d4800 Exception <a 'java/lang/reflect/InvocationTargetException'> (0x00000000ec603198) thrown at [C:\re\workspace\8-2-build-windows-amd64-cygwin\jdk8u74\6087\hotspot\src\share\vm\runtime\reflection.cpp, line 1092]
Event: 4.515 Thread 0x000000000249b000 Exception <a 'java/io/FileNotFoundException'> (0x00000000ec266a20) thrown at [C:\re\workspace\8-2-build-windows-amd64-cygwin\jdk8u74\6087\hotspot\src\share\vm\prims\jni.cpp, line 709]
Event: 4.829 Thread 0x00000000571d4800 Exception <a 'java/lang/reflect/InvocationTargetException'> (0x00000000eb4099c0) thrown at [C:\re\workspace\8-2-build-windows-amd64-cygwin\jdk8u74\6087\hotspot\src\share\vm\runtime\reflection.cpp, line 1092]
Event: 4.833 Thread 0x000000000249b000 Exception <a 'java/io/FileNotFoundException'> (0x00000000eb45af48) thrown at [C:\re\workspace\8-2-build-windows-amd64-cygwin\jdk8u74\6087\hotspot\src\share\vm\prims\jni.cpp, line 709]
Event: 4.839 Thread 0x000000005733d000 Exception <a 'java/lang/OutOfMemoryError': unable to create new native thread> (0x00000000eb5e3280) thrown at [C:\re\workspace\8-2-build-windows-amd64-cygwin\jdk8u74\6087\hotspot\src\share\vm\prims\jvm.cpp, line 3020]

Events (10 events):
Event: 4.839 loading class org/apache/catalina/mapper/Mapper$ContextVersion done
Event: 4.839 loading class org/apache/catalina/mapper/Mapper$MappedWrapper
Event: 4.839 loading class org/apache/catalina/mapper/Mapper$MappedWrapper done
Event: 4.840 loading class org/apache/catalina/core/StandardServer
Event: 4.840 loading class org/apache/catalina/core/StandardServer done
Event: 4.840 loading class org/apache/catalina/core/StandardServer
Event: 4.840 loading class org/apache/catalina/core/StandardServer done
Event: 4.840 Thread 0x000000005733d800 Thread added: 0x000000005733d800
Event: 4.840 loading class org/apache/naming/ContextBindings
Event: 4.840 loading class org/apache/naming/ContextBindings done


Dynamic libraries:
0x000000013f4c0000 - 0x000000013f4f7000 	D:\JDK1.8.0_74_x64\bin\java.exe
0x0000000077110000 - 0x00000000772ba000 	C:\Windows\SYSTEM32\ntdll.dll
0x0000000076a30000 - 0x0000000076b4f000 	C:\Windows\system32\kernel32.dll
0x000007fefd8d0000 - 0x000007fefd93a000 	C:\Windows\system32\KERNELBASE.dll
0x000007fefee60000 - 0x000007fefef3b000 	C:\Windows\system32\ADVAPI32.dll
0x000007fefef40000 - 0x000007fefefdf000 	C:\Windows\system32\msvcrt.dll
0x000007feff110000 - 0x000007feff12f000 	C:\Windows\SYSTEM32\sechost.dll
0x000007fefd9b0000 - 0x000007fefdadd000 	C:\Windows\system32\RPCRT4.dll
0x0000000076ca0000 - 0x0000000076d9a000 	C:\Windows\system32\USER32.dll
0x000007fefd940000 - 0x000007fefd9a7000 	C:\Windows\system32\GDI32.dll
0x000007fefedb0000 - 0x000007fefedbe000 	C:\Windows\system32\LPK.dll
0x000007feff040000 - 0x000007feff109000 	C:\Windows\system32\USP10.dll
0x000007fefbfd0000 - 0x000007fefc1c4000 	C:\Windows\WinSxS\amd64_microsoft.windows.common-controls_6595b64144ccf1df_6.0.7601.18837_none_fa3b1e3d17594757\COMCTL32.dll
0x000007fefdbe0000 - 0x000007fefdc51000 	C:\Windows\system32\SHLWAPI.dll
0x000007fefea90000 - 0x000007fefeabe000 	C:\Windows\system32\IMM32.DLL
0x000007feff310000 - 0x000007feff419000 	C:\Windows\system32\MSCTF.dll
0x000000006fca0000 - 0x000000006fd72000 	D:\JDK1.8.0_74_x64\jre\bin\msvcr100.dll
0x00000000693c0000 - 0x0000000069c50000 	D:\JDK1.8.0_74_x64\jre\bin\server\jvm.dll
0x000007fefbd60000 - 0x000007fefbd69000 	C:\Windows\system32\WSOCK32.dll
0x000007fefefe0000 - 0x000007feff02d000 	C:\Windows\system32\WS2_32.dll
0x000007feff030000 - 0x000007feff038000 	C:\Windows\system32\NSI.dll
0x000007fef7400000 - 0x000007fef743b000 	C:\Windows\system32\WINMM.dll
0x000007fefc660000 - 0x000007fefc66c000 	C:\Windows\system32\VERSION.dll
0x00000000772e0000 - 0x00000000772e7000 	C:\Windows\system32\PSAPI.DLL
0x0000000073bc0000 - 0x0000000073bcf000 	D:\JDK1.8.0_74_x64\jre\bin\verify.dll
0x00000000739a0000 - 0x00000000739c9000 	D:\JDK1.8.0_74_x64\jre\bin\java.dll
0x000000006c5f0000 - 0x000000006c613000 	D:\JDK1.8.0_74_x64\jre\bin\instrument.dll
0x0000000073ba0000 - 0x0000000073bb6000 	D:\JDK1.8.0_74_x64\jre\bin\zip.dll
0x000007fefdc80000 - 0x000007fefea0a000 	C:\Windows\system32\SHELL32.dll
0x000007fefeac0000 - 0x000007fefecc3000 	C:\Windows\system32\ole32.dll
0x000007fefd570000 - 0x000007fefd57f000 	C:\Windows\system32\profapi.dll
0x000007fef9550000 - 0x000007fef956a000 	D:\idea2019.1.3\IntelliJ IDEA 2019.1.3\bin\breakgen64.dll
0x00000000739e0000 - 0x00000000739fa000 	D:\JDK1.8.0_74_x64\jre\bin\net.dll
0x000007fefcde0000 - 0x000007fefce35000 	C:\Windows\system32\mswsock.dll
0x000007fefcdd0000 - 0x000007fefcdd7000 	C:\Windows\System32\wship6.dll
0x000007fefc730000 - 0x000007fefc737000 	C:\Windows\System32\wshtcpip.dll
0x000007fefcc60000 - 0x000007fefccbb000 	C:\Windows\system32\DNSAPI.dll
0x0000000071300000 - 0x0000000071335000 	C:\Program Files\Bonjour\mdnsNSP.dll
0x000007fefae40000 - 0x000007fefae67000 	C:\Windows\system32\Iphlpapi.DLL
0x000007fefae30000 - 0x000007fefae3b000 	C:\Windows\system32\WINNSI.DLL
0x000007fef5690000 - 0x000007fef5698000 	C:\Windows\system32\rasadhlp.dll
0x000007fefacc0000 - 0x000007fefad13000 	C:\Windows\System32\fwpuclnt.dll
0x00000000744d0000 - 0x00000000744dd000 	D:\JDK1.8.0_74_x64\jre\bin\management.dll
0x0000000073980000 - 0x0000000073991000 	D:\JDK1.8.0_74_x64\jre\bin\nio.dll
0x000007fefce40000 - 0x000007fefce57000 	C:\Windows\system32\CRYPTSP.dll
0x000007fefcb40000 - 0x000007fefcb87000 	C:\Windows\system32\rsaenh.dll
0x000007fefc8c0000 - 0x000007fefc8de000 	C:\Windows\system32\USERENV.dll
0x000007fefd4a0000 - 0x000007fefd4af000 	C:\Windows\system32\CRYPTBASE.dll
0x000007fefac70000 - 0x000007fefac88000 	C:\Windows\system32\dhcpcsvc.DLL
0x000007fefac00000 - 0x000007fefac11000 	C:\Windows\system32\dhcpcsvc6.DLL
0x000007fefb390000 - 0x000007fefb3a5000 	C:\Windows\system32\NLAapi.dll
0x000007fef5f50000 - 0x000007fef5f65000 	C:\Windows\system32\napinsp.dll
0x000007fef5f30000 - 0x000007fef5f49000 	C:\Windows\system32\pnrpnsp.dll
0x000007fef7080000 - 0x000007fef708b000 	C:\Windows\System32\winrnr.dll
0x000007fef5f20000 - 0x000007fef5f30000 	C:\Windows\system32\wshbth.dll
0x000000006c480000 - 0x000000006c4a4000 	D:\JDK1.8.0_74_x64\jre\bin\sunec.dll

VM Arguments:
jvm_args: -XX:TieredStopAtLevel=1 -Xverify:none -Dspring.output.ansi.enabled=always -Dcom.sun.management.jmxremote -Dspring.jmx.enabled=true -Dspring.liveBeansView.mbeanDomain -Dspring.application.admin.enabled=true -javaagent:D:\idea2019.1.3\IntelliJ IDEA 2019.1.3\lib\idea_rt.jar=59112:D:\idea2019.1.3\IntelliJ IDEA 2019.1.3\bin -Dfile.encoding=UTF-8 
java_command: com.woniuxy.SpringbootShiroJwtApplication
java_class_path (initial): D:\JDK1.8.0_74_x64\jre\lib\charsets.jar;D:\JDK1.8.0_74_x64\jre\lib\deploy.jar;D:\JDK1.8.0_74_x64\jre\lib\ext\access-bridge-64.jar;D:\JDK1.8.0_74_x64\jre\lib\ext\cldrdata.jar;D:\JDK1.8.0_74_x64\jre\lib\ext\dnsns.jar;D:\JDK1.8.0_74_x64\jre\lib\ext\jaccess.jar;D:\JDK1.8.0_74_x64\jre\lib\ext\jfxrt.jar;D:\JDK1.8.0_74_x64\jre\lib\ext\localedata.jar;D:\JDK1.8.0_74_x64\jre\lib\ext\nashorn.jar;D:\JDK1.8.0_74_x64\jre\lib\ext\sunec.jar;D:\JDK1.8.0_74_x64\jre\lib\ext\sunjce_provider.jar;D:\JDK1.8.0_74_x64\jre\lib\ext\sunmscapi.jar;D:\JDK1.8.0_74_x64\jre\lib\ext\sunpkcs11.jar;D:\JDK1.8.0_74_x64\jre\lib\ext\zipfs.jar;D:\JDK1.8.0_74_x64\jre\lib\javaws.jar;D:\JDK1.8.0_74_x64\jre\lib\jce.jar;D:\JDK1.8.0_74_x64\jre\lib\jfr.jar;D:\JDK1.8.0_74_x64\jre\lib\jfxswt.jar;D:\JDK1.8.0_74_x64\jre\lib\jsse.jar;D:\JDK1.8.0_74_x64\jre\lib\management-agent.jar;D:\JDK1.8.0_74_x64\jre\lib\plugin.jar;D:\JDK1.8.0_74_x64\jre\lib\resources.jar;D:\JDK1.8.0_74_x64\jre\lib\rt.jar;D:\idea2019.1.3\idea-workspace\jwt\springboot-shiro-jwt\target\classes;D:\maven\localRepository\org\springframework\boot\spring-boot-starter-web\2.4.3\spring-boot-starter-web-2.4.3.jar;D:\maven\localRepository\org\springframework\boot\spring-boot-starter\2.4.3\spring-boot-starter-2.4.3.jar;D:\maven\localRepository\org\springframework\boot\spring-boot\2.4.3\spring-boot-2.4.3.jar;D:\maven\localRepository\org\springframework\boot\spring-boot-starter-logging\2.4.3\spring-boot-starter-logging-2.4.3.jar;D:\maven\localRepository\ch\qos\logback\logback-classic\1.2.3\logback-classic-1.2.3.jar;D:\maven\localRepository\ch\qos\logback\logback-core\1.2.3\logback-core-1.2.3.jar;D:\maven\localRepository\org\apache\logging\log4j\log4j-to-slf4j\2.13.3\log4j-to-slf4j-2.13.3.jar;D:\maven\localRepository\org\apache\logging\log4j\log4j-api\2.13.3\log4j-api-2.13.3.jar;D:\maven\localRepository\org\slf4j\jul-to-slf4j\1.7.30\jul-to-slf4j-1.7.30.jar;D:\maven\localRepository\jakarta\annotation\jakarta.annotation-api\1.3.5\jakart
Launcher Type: SUN_STANDARD

Environment Variables:
JAVA_HOME=D:\JDK1.8.0_74_x64
PATH=D:\JDK1.8.0_74_x64\bin;D:\JDK1.8.0_74_x64\jre\bin;system32;C:\Windows;C:\Windows\System32\Wbem;C:\Windows\System32\WindowsPowerShell\v1.0\;D:\Windows-D盘更新软件\Win7优化大师绿色;D:\Mysql\mysql-5.6.44-winx64\bin;%MAVEN_HOME%\bin;D:\Vue\windows7\node-v12.18.4-win-x64;D:\nodejs\repository\npm_global;D:\JDK1.8.0_74_x64\bin;D:\JDK1.8.0_74_x64\jre\bin;system32;C:\Windows;C:\Windows\System32\Wbem;C:\Windows\System32\WindowsPowerShell\v1.0\;D:\Windows-D盘更新软件\Win7优化大师绿色;D:\Mysql\mysql-5.6.44-winx64\bin;C:\Windows\system32;D:\maven\apache-maven-3.6.0\bin
USERNAME=Administrator
OS=Windows_NT
PROCESSOR_IDENTIFIER=Intel64 Family 6 Model 42 Stepping 7, GenuineIntel



---------------  S Y S T E M  ---------------

OS: Windows 7 , 64 bit Build 7601 (6.1.7601.23539)

CPU:total 4 (2 cores per cpu, 2 threads per core) family 6 model 42 stepping 7, cmov, cx8, fxsr, mmx, sse, sse2, sse3, ssse3, sse4.1, sse4.2, popcnt, avx, aes, clmul, ht, tsc, tscinvbit

Memory: 4k page, physical 4073712k(275288k free), swap 6169004k(5020k free)

vm_info: Java HotSpot(TM) 64-Bit Server VM (25.74-b02) for windows-amd64 JRE (1.8.0_74-b02), built on Jan 29 2016 17:42:36 by "java_re" with MS VC++ 10.0 (VS2010)

time: Tue Mar 02 18:43:44 2021
elapsed time: 4 seconds (0d 0h 0m 4s)

