#
# There is insufficient memory for the Java Runtime Environment to continue.
# Native memory allocation (malloc) failed to allocate 32744 bytes for ChunkPool::allocate
# Possible reasons:
#   The system is out of physical RAM or swap space
#   In 32 bit mode, the process size limit was hit
# Possible solutions:
#   Reduce memory load on the system
#   Increase physical memory or swap space
#   Check if swap backing store is full
#   Use 64 bit Java on a 64 bit OS
#   Decrease Java heap size (-Xmx/-Xms)
#   Decrease number of Java threads
#   Decrease Java thread stack sizes (-Xss)
#   Set larger code cache with -XX:ReservedCodeCacheSize=
# This output file may be truncated or incomplete.
#
#  Out of Memory Error (allocation.cpp:273), pid=8564, tid=10200
#
# JRE version: Java(TM) SE Runtime Environment (8.0_74-b02) (build 1.8.0_74-b02)
# Java VM: Java HotSpot(TM) 64-Bit Server VM (25.74-b02 mixed mode windows-amd64 compressed oops)
# Failed to write core dump. Minidumps are not enabled by default on client versions of Windows
#

---------------  T H R E A D  ---------------

Current thread (0x000000000267b000):  JavaThread "main" [_thread_in_vm, id=10200, stack(0x00000000027e0000,0x00000000028e0000)]

Stack: [0x00000000027e0000,0x00000000028e0000]
[error occurred during error reporting (printing stack bounds), id 0xc0000005]

Native frames: (J=compiled Java code, j=interpreted, Vv=VM code, C=native code)

Java frames: (J=compiled Java code, j=interpreted, Vv=VM code)
j  java.util.zip.ZipFile.<init>(Ljava/io/File;ILjava/nio/charset/Charset;)V+21
j  java.util.zip.ZipFile.<init>(Ljava/io/File;I)V+6
j  java.util.jar.JarFile.<init>(Ljava/io/File;ZI)V+3
j  java.util.jar.JarFile.<init>(Ljava/lang/String;)V+11
j  sun.misc.URLClassPath$JarLoader.getJarFile(Ljava/net/URL;)Ljava/util/jar/JarFile;+44
j  sun.misc.URLClassPath$JarLoader.access$700(Lsun/misc/URLClassPath$JarLoader;Ljava/net/URL;)Ljava/util/jar/JarFile;+2
j  sun.misc.URLClassPath$JarLoader$1.run()Ljava/lang/Void;+55
j  sun.misc.URLClassPath$JarLoader$1.run()Ljava/lang/Object;+1
v  ~StubRoutines::call_stub
j  java.security.AccessController.doPrivileged(Ljava/security/PrivilegedExceptionAction;)Ljava/lang/Object;+0
j  sun.misc.URLClassPath$JarLoader.ensureOpen()V+15
j  sun.misc.URLClassPath$JarLoader.<init>(Ljava/net/URL;Ljava/net/URLStreamHandler;Ljava/util/HashMap;)V+137
j  sun.misc.URLClassPath$3.run()Lsun/misc/URLClassPath$Loader;+82
j  sun.misc.URLClassPath$3.run()Ljava/lang/Object;+1
v  ~StubRoutines::call_stub
j  java.security.AccessController.doPrivileged(Ljava/security/PrivilegedExceptionAction;)Ljava/lang/Object;+0
j  sun.misc.URLClassPath.getLoader(Ljava/net/URL;)Lsun/misc/URLClassPath$Loader;+9
j  sun.misc.URLClassPath.getLoader(I)Lsun/misc/URLClassPath$Loader;+87
j  sun.misc.URLClassPath.getNextLoader([II)Lsun/misc/URLClassPath$Loader;+84
j  sun.misc.URLClassPath.getResource(Ljava/lang/String;Z)Lsun/misc/Resource;+51
j  java.net.URLClassLoader$1.run()Ljava/lang/Class;+26
j  java.net.URLClassLoader$1.run()Ljava/lang/Object;+1
v  ~StubRoutines::call_stub
j  java.security.AccessController.doPrivileged(Ljava/security/PrivilegedExceptionAction;Ljava/security/AccessControlContext;)Ljava/lang/Object;+0
j  java.net.URLClassLoader.findClass(Ljava/lang/String;)Ljava/lang/Class;+13
j  java.lang.ClassLoader.loadClass(Ljava/lang/String;Z)Ljava/lang/Class;+70
j  sun.misc.Launcher$AppClassLoader.loadClass(Ljava/lang/String;Z)Ljava/lang/Class;+81
j  java.lang.ClassLoader.loadClass(Ljava/lang/String;)Ljava/lang/Class;+3
j  sun.instrument.InstrumentationImpl.loadClassAndStartAgent(Ljava/lang/String;Ljava/lang/String;Ljava/lang/String;)V+8
j  sun.instrument.InstrumentationImpl.loadClassAndCallPremain(Ljava/lang/String;Ljava/lang/String;)V+5
v  ~StubRoutines::call_stub

---------------  P R O C E S S  ---------------

Java Threads: ( => current thread )
  0x000000005661a800 JavaThread "Attach Listener" daemon [_thread_new, id=7792, stack(0x0000000000000000,0x0000000000000000)]
  0x00000000553c1800 JavaThread "Signal Dispatcher" daemon [_thread_blocked, id=1340, stack(0x0000000056a60000,0x0000000056b60000)]
  0x00000000553ae000 JavaThread "Finalizer" daemon [_thread_blocked, id=5720, stack(0x0000000056510000,0x0000000056610000)]
  0x0000000055367000 JavaThread "Reference Handler" daemon [_thread_blocked, id=8992, stack(0x0000000056250000,0x0000000056350000)]
=>0x000000000267b000 JavaThread "main" [_thread_in_vm, id=10200, stack(0x00000000027e0000,0x00000000028e0000)]

Other Threads:
  0x000000005535f800 VMThread [stack: 0x0000000056370000,0x0000000056470000] [id=6508]

VM state:not at safepoint (normal execution)

VM Mutex/Monitor currently owned by a thread: None

Heap:
 PSYoungGen      total 18944K, used 1319K [0x00000000eb400000, 0x00000000ec900000, 0x0000000100000000)
  eden space 16384K, 8% used [0x00000000eb400000,0x00000000eb549ca0,0x00000000ec400000)
  from space 2560K, 0% used [0x00000000ec680000,0x00000000ec680000,0x00000000ec900000)
  to   space 2560K, 0% used [0x00000000ec400000,0x00000000ec400000,0x00000000ec680000)
 ParOldGen       total 44032K, used 0K [0x00000000c1c00000, 0x00000000c4700000, 0x00000000eb400000)
  object space 44032K, 0% used [0x00000000c1c00000,0x00000000c1c00000,0x00000000c4700000)
 Metaspace       used 2336K, capacity 4480K, committed 4480K, reserved 1056768K
  class space    used 256K, capacity 384K, committed 384K, reserved 1048576K

Card table byte_map: [0x0000000011e20000,0x0000000012020000] byte_map_base: 0x0000000011812000

Marking Bits: (ParMarkBitMap*) 0x0000000069bd0600
 Begin Bits: [0x00000000128b0000, 0x0000000013840000)
 End Bits:   [0x0000000013840000, 0x00000000147d0000)

Polling page: 0x0000000000130000

CodeCache: size=245760Kb used=436Kb max_used=436Kb free=245323Kb
 bounds [0x0000000002a60000, 0x0000000002cd0000, 0x0000000011a60000]
 total_blobs=170 nmethods=0 adapters=136
 compilation: enabled

Compilation events (0 events):
No events

GC Heap History (0 events):
No events

Deoptimization events (0 events):
No events

Internal exceptions (2 events):
Event: 0.183 Thread 0x000000000267b000 Exception <a 'java/lang/NoSuchMethodError': Method sun.misc.Unsafe.defineClass(Ljava/lang/String;[BII)Ljava/lang/Class; name or signature does not match> (0x00000000eb407cc0) thrown at [C:\re\workspace\8-2-build-windows-amd64-cygwin\jdk8u74\6087\hotspot\sr+ýåÇxÇ?
Event: 0.183 Thread 0x000000000267b000 Exception <a 'java/lang/NoSuchMethodError': Method sun.misc.Unsafe.prefetchRead(Ljava/lang/Object;J)V name or signature does not match> (0x00000000eb407fa8) thrown at [C:\re\workspace\8-2-build-windows-amd64-cygwin\jdk8u74\6087\hotspot\src\share\vm\prims\j

Events (10 events):
Event: 0.375 loading class sun/nio/cs/ISO_8859_1 done
Event: 0.375 loading class sun/nio/cs/UTF_16BE
Event: 0.375 loading class sun/nio/cs/UTF_16BE done
Event: 0.375 loading class sun/nio/cs/UTF_16LE
Event: 0.375 loading class sun/nio/cs/UTF_16LE done
Event: 0.376 loading class sun/nio/cs/UTF_16
Event: 0.376 loading class sun/nio/cs/UTF_16 done
Event: 0.376 loading class java/util/ArrayDeque
Event: 0.376 loading class java/util/Deque
Event: 0.376 loading class java/util/Queue


Dynamic libraries:
0x000000013fbb0000 - 0x000000013fbe7000 	D:\JDK1.8.0_74_x64\bin\java.exe
0x0000000077110000 - 0x00000000772ba000 	C:\Windows\SYSTEM32\ntdll.dll
0x0000000076a30000 - 0x0000000076b4f000 	C:\Windows\system32\kernel32.dll
0x000007fefd8d0000 - 0x000007fefd93a000 	C:\Windows\system32\KERNELBASE.dll
0x000007fefee60000 - 0x000007fefef3b000 	C:\Windows\system32\ADVAPI32.dll
0x000007fefef40000 - 0x000007fefefdf000 	C:\Windows\system32\msvcrt.dll
0x000007feff110000 - 0x000007feff12f000 	C:\Windows\SYSTEM32\sechost.dll
0x000007fefd9b0000 - 0x000007fefdadd000 	C:\Windows\system32\RPCRT4.dll
0x0000000076ca0000 - 0x0000000076d9a000 	C:\Windows\system32\USER32.dll
0x000007fefd940000 - 0x000007fefd9a7000 	C:\Windows\system32\GDI32.dll
0x000007fefedb0000 - 0x000007fefedbe000 	C:\Windows\system32\LPK.dll
0x000007feff040000 - 0x000007feff109000 	C:\Windows\system32\USP10.dll
0x000007fefbfd0000 - 0x000007fefc1c4000 	C:\Windows\WinSxS\amd64_microsoft.windows.common-controls_6595b64144ccf1df_6.0.7601.18837_none_fa3b1e3d17594757\COMCTL32.dll
0x000007fefdbe0000 - 0x000007fefdc51000 	C:\Windows\system32\SHLWAPI.dll
0x000007fefea90000 - 0x000007fefeabe000 	C:\Windows\system32\IMM32.DLL
0x000007feff310000 - 0x000007feff419000 	C:\Windows\system32\MSCTF.dll
0x000000006fca0000 - 0x000000006fd72000 	D:\JDK1.8.0_74_x64\jre\bin\msvcr100.dll
0x00000000693c0000 - 0x0000000069c50000 	D:\JDK1.8.0_74_x64\jre\bin\server\jvm.dll
0x000007fefbd60000 - 0x000007fefbd69000 	C:\Windows\system32\WSOCK32.dll
0x000007fefefe0000 - 0x000007feff02d000 	C:\Windows\system32\WS2_32.dll
0x000007feff030000 - 0x000007feff038000 	C:\Windows\system32\NSI.dll
0x000007fef7400000 - 0x000007fef743b000 	C:\Windows\system32\WINMM.dll
0x000007fefc660000 - 0x000007fefc66c000 	C:\Windows\system32\VERSION.dll
0x00000000772e0000 - 0x00000000772e7000 	C:\Windows\system32\PSAPI.DLL
0x0000000073bc0000 - 0x0000000073bcf000 	D:\JDK1.8.0_74_x64\jre\bin\verify.dll
0x00000000739a0000 - 0x00000000739c9000 	D:\JDK1.8.0_74_x64\jre\bin\java.dll
0x000000006c5f0000 - 0x000000006c613000 	D:\JDK1.8.0_74_x64\jre\bin\instrument.dll
0x0000000073ba0000 - 0x0000000073bb6000 	D:\JDK1.8.0_74_x64\jre\bin\zip.dll
0x000007fefdc80000 - 0x000007fefea0a000 	C:\Windows\system32\SHELL32.dll
0x000007fefeac0000 - 0x000007fefecc3000 	C:\Windows\system32\ole32.dll
0x000007fefd570000 - 0x000007fefd57f000 	C:\Windows\system32\profapi.dll

VM Arguments:
jvm_args: -XX:TieredStopAtLevel=1 -Xverify:none -Dspring.output.ansi.enabled=always -Dcom.sun.management.jmxremote -Dspring.jmx.enabled=true -Dspring.liveBeansView.mbeanDomain -Dspring.application.admin.enabled=true -javaagent:D:\idea2019.1.3\IntelliJ IDEA 2019.1.3\lib\idea_rt.jar=61556:D:\idea2019.1.3\IntelliJ IDEA 2019.1.3\bin -Dfile.encoding=UTF-8 
java_command: com.woniuxy.SpringbootShiroJwtApplication
java_class_path (initial): D:\JDK1.8.0_74_x64\jre\lib\charsets.jar;D:\JDK1.8.0_74_x64\jre\lib\deploy.jar;D:\JDK1.8.0_74_x64\jre\lib\ext\access-bridge-64.jar;D:\JDK1.8.0_74_x64\jre\lib\ext\cldrdata.jar;D:\JDK1.8.0_74_x64\jre\lib\ext\dnsns.jar;D:\JDK1.8.0_74_x64\jre\lib\ext\jaccess.jar;D:\JDK1.8.0_74_x64\jre\lib\ext\jfxrt.jar;D:\JDK1.8.0_74_x64\jre\lib\ext\localedata.jar;D:\JDK1.8.0_74_x64\jre\lib\ext\nashorn.jar;D:\JDK1.8.0_74_x64\jre\lib\ext\sunec.jar;D:\JDK1.8.0_74_x64\jre\lib\ext\sunjce_provider.jar;D:\JDK1.8.0_74_x64\jre\lib\ext\sunmscapi.jar;D:\JDK1.8.0_74_x64\jre\lib\ext\sunpkcs11.jar;D:\JDK1.8.0_74_x64\jre\lib\ext\zipfs.jar;D:\JDK1.8.0_74_x64\jre\lib\javaws.jar;D:\JDK1.8.0_74_x64\jre\lib\jce.jar;D:\JDK1.8.0_74_x64\jre\lib\jfr.jar;D:\JDK1.8.0_74_x64\jre\lib\jfxswt.jar;D:\JDK1.8.0_74_x64\jre\lib\jsse.jar;D:\JDK1.8.0_74_x64\jre\lib\management-agent.jar;D:\JDK1.8.0_74_x64\jre\lib\plugin.jar;D:\JDK1.8.0_74_x64\jre\lib\resources.jar;D:\JDK1.8.0_74_x64\jre\lib\rt.jar;D:\idea2019.1.3\idea-workspace\jwt\springboot-shiro-jwt\target\classes;D:\maven\localRepository\org\springframework\boot\spring-boot-starter-web\2.4.3\spring-boot-starter-web-2.4.3.jar;D:\maven\localRepository\org\springframework\boot\spring-boot-starter\2.4.3\spring-boot-starter-2.4.3.jar;D:\maven\localRepository\org\springframework\boot\spring-boot\2.4.3\spring-boot-2.4.3.jar;D:\maven\localRepository\org\springframework\boot\spring-boot-starter-logging\2.4.3\spring-boot-starter-logging-2.4.3.jar;D:\maven\localRepository\ch\qos\logback\logback-classic\1.2.3\logback-classic-1.2.3.jar;D:\maven\localRepository\ch\qos\logback\logback-core\1.2.3\logback-core-1.2.3.jar;D:\maven\localRepository\org\apache\logging\log4j\log4j-to-slf4j\2.13.3\log4j-to-slf4j-2.13.3.jar;D:\maven\localRepository\org\apache\logging\log4j\log4j-api\2.13.3\log4j-api-2.13.3.jar;D:\maven\localRepository\org\slf4j\jul-to-slf4j\1.7.30\jul-to-slf4j-1.7.30.jar;D:\maven\localRepository\jakarta\annotation\jakarta.annotation-api\1.3.5\jakart
Launcher Type: SUN_STANDARD

Environment Variables:
JAVA_HOME=D:\JDK1.8.0_74_x64
PATH=D:\JDK1.8.0_74_x64\bin;D:\JDK1.8.0_74_x64\jre\bin;system32;C:\Windows;C:\Windows\System32\Wbem;C:\Windows\System32\WindowsPowerShell\v1.0\;D:\Windows-DÅÌ¸üÐÂÈí¼þ\Win7ÓÅ»¯´óÊ¦ÂÌÉ«;D:\Mysql\mysql-5.6.44-winx64\bin;%MAVEN_HOME%\bin;D:\Vue\windows7\node-v12.18.4-win-x64;D:\nodejs\repository\npm_global;D:\JDK1.8.0_74_x64\bin;D:\JDK1.8.0_74_x64\jre\bin;system32;C:\Windows;C:\Windows\System32\Wbem;C:\Windows\System32\WindowsPowerShell\v1.0\;D:\Windows-DÅÌ¸üÐÂÈí¼þ\Win7ÓÅ»¯´óÊ¦ÂÌÉ«;D:\Mysql\mysql-5.6.44-winx64\bin;C:\Windows\system32;D:\maven\apache-maven-3.6.0\bin
USERNAME=Administrator
OS=Windows_NT
PROCESSOR_IDENTIFIER=Intel64 Family 6 Model 42 Stepping 7, GenuineIntel



---------------  S Y S T E M  ---------------

OS: Windows 7 , 64 bit Build 7601 (6.1.7601.23539)

CPU:total 4 (2 cores per cpu, 2 threads per core) family 6 model 42 stepping 7, cmov, cx8, fxsr, mmx, sse, sse2, sse3, ssse3, sse4.1, sse4.2, popcnt, avx, aes, clmul, ht, tsc, tscinvbit

Memory: 4k page, physical 4073712k(568624k free), swap 6169004k(5064k free)

vm_info: Java HotSpot(TM) 64-Bit Server VM (25.74-b02) for windows-amd64 JRE (1.8.0_74-b02), built on Jan 29 2016 17:42:36 by "java_re" with MS VC++ 10.0 (VS2010)

time: Tue Mar 02 19:20:52 2021
elapsed time: 0 seconds (0d 0h 0m 0s)

