#
# There is insufficient memory for the Java Runtime Environment to continue.
# Native memory allocation (malloc) failed to allocate 32744 bytes for ChunkPool::allocate
# Possible reasons:
#   The system is out of physical RAM or swap space
#   In 32 bit mode, the process size limit was hit
# Possible solutions:
#   Reduce memory load on the system
#   Increase physical memory or swap space
#   Check if swap backing store is full
#   Use 64 bit Java on a 64 bit OS
#   Decrease Java heap size (-Xmx/-Xms)
#   Decrease number of Java threads
#   Decrease Java thread stack sizes (-Xss)
#   Set larger code cache with -XX:ReservedCodeCacheSize=
# This output file may be truncated or incomplete.
#
#  Out of Memory Error (allocation.cpp:273), pid=6412, tid=7144
#
# JRE version: Java(TM) SE Runtime Environment (8.0_74-b02) (build 1.8.0_74-b02)
# Java VM: Java HotSpot(TM) 64-Bit Server VM (25.74-b02 mixed mode windows-amd64 compressed oops)
# Failed to write core dump. Minidumps are not enabled by default on client versions of Windows
#

---------------  T H R E A D  ---------------

Current thread (0x0000000001d5b000):  JavaThread "main" [_thread_in_vm, id=7144, stack(0x00000000025e0000,0x00000000026e0000)]

Stack: [0x00000000025e0000,0x00000000026e0000]
[error occurred during error reporting (printing stack bounds), id 0xc0000005]

Native frames: (J=compiled Java code, j=interpreted, Vv=VM code, C=native code)

Java frames: (J=compiled Java code, j=interpreted, Vv=VM code)
j  java.lang.Class.getDeclaredMethods0(Z)[Ljava/lang/reflect/Method;+0
j  java.lang.Class.privateGetDeclaredMethods(Z)[Ljava/lang/reflect/Method;+37
j  java.lang.Class.privateGetPublicMethods()[Ljava/lang/reflect/Method;+33
j  java.lang.Class.getMethods()[Ljava/lang/reflect/Method;+10
j  com.sun.jmx.mbeanserver.MBeanIntrospector.getMethods(Ljava/lang/Class;)Ljava/util/List;+5
j  com.sun.jmx.mbeanserver.MBeanAnalyzer.initMaps(Ljava/lang/Class;Lcom/sun/jmx/mbeanserver/MBeanIntrospector;)V+2
j  com.sun.jmx.mbeanserver.MBeanAnalyzer.<init>(Ljava/lang/Class;Lcom/sun/jmx/mbeanserver/MBeanIntrospector;)V+104
j  com.sun.jmx.mbeanserver.MBeanAnalyzer.analyzer(Ljava/lang/Class;Lcom/sun/jmx/mbeanserver/MBeanIntrospector;)Lcom/sun/jmx/mbeanserver/MBeanAnalyzer;+6
j  com.sun.jmx.mbeanserver.MXBeanIntrospector.getAnalyzer(Ljava/lang/Class;)Lcom/sun/jmx/mbeanserver/MBeanAnalyzer;+2
j  com.sun.jmx.mbeanserver.MBeanIntrospector.getPerInterface(Ljava/lang/Class;)Lcom/sun/jmx/mbeanserver/PerInterface;+45
j  com.sun.jmx.mbeanserver.MBeanSupport.<init>(Ljava/lang/Object;Ljava/lang/Class;)V+90
j  com.sun.jmx.mbeanserver.MXBeanSupport.<init>(Ljava/lang/Object;Ljava/lang/Class;)V+3
j  javax.management.StandardMBean.construct(Ljava/lang/Object;Ljava/lang/Class;ZZ)V+56
j  javax.management.StandardMBean.<init>(Ljava/lang/Object;Ljava/lang/Class;Z)V+9
j  java.lang.management.ManagementFactory$2.run()Ljava/lang/Void;+70
j  java.lang.management.ManagementFactory$2.run()Ljava/lang/Object;+1
v  ~StubRoutines::call_stub
j  java.security.AccessController.doPrivileged(Ljava/security/PrivilegedExceptionAction;)Ljava/lang/Object;+0
j  java.lang.management.ManagementFactory.addMXBean(Ljavax/management/MBeanServer;Ljava/lang/management/PlatformManagedObject;)V+9
j  java.lang.management.ManagementFactory.getPlatformMBeanServer()Ljavax/management/MBeanServer;+120
j  sun.management.jmxremote.ConnectorBootstrap.startLocalConnectorServer()Ljavax/management/remote/JMXConnectorServer;+66
j  sun.management.Agent.startLocalManagementAgent()V+13
j  sun.management.Agent.startAgent(Ljava/util/Properties;)V+76
j  sun.management.Agent.startAgent()V+19
v  ~StubRoutines::call_stub

---------------  P R O C E S S  ---------------

Java Threads: ( => current thread )
  0x0000000056ecf000 JavaThread "Service Thread" daemon [_thread_blocked, id=4436, stack(0x0000000057cf0000,0x0000000057df0000)]
  0x00000000569d3000 JavaThread "C1 CompilerThread2" daemon [_thread_blocked, id=6516, stack(0x0000000057820000,0x0000000057920000)]
  0x00000000569d0800 JavaThread "C2 CompilerThread1" daemon [_thread_blocked, id=6104, stack(0x0000000057970000,0x0000000057a70000)]
  0x00000000569cf800 JavaThread "C2 CompilerThread0" daemon [_thread_blocked, id=7076, stack(0x00000000576a0000,0x00000000577a0000)]
  0x00000000569ce000 JavaThread "Monitor Ctrl-Break" daemon [_thread_in_native, id=8124, stack(0x0000000056460000,0x0000000056560000)]
  0x000000005666a800 JavaThread "Attach Listener" daemon [_thread_blocked, id=7596, stack(0x0000000056d30000,0x0000000056e30000)]
  0x00000000551e1800 JavaThread "Signal Dispatcher" daemon [_thread_blocked, id=2912, stack(0x0000000056b50000,0x0000000056c50000)]
  0x00000000551ce000 JavaThread "Finalizer" daemon [_thread_blocked, id=7968, stack(0x0000000056560000,0x0000000056660000)]
  0x0000000055187000 JavaThread "Reference Handler" daemon [_thread_blocked, id=1408, stack(0x0000000056350000,0x0000000056450000)]
=>0x0000000001d5b000 JavaThread "main" [_thread_in_vm, id=7144, stack(0x00000000025e0000,0x00000000026e0000)]

Other Threads:
  0x000000005517f800 VMThread [stack: 0x0000000056170000,0x0000000056270000] [id=4448]

VM state:not at safepoint (normal execution)

VM Mutex/Monitor currently owned by a thread: None

Heap:
 PSYoungGen      total 18944K, used 5637K [0x00000000eb400000, 0x00000000ec900000, 0x0000000100000000)
  eden space 16384K, 34% used [0x00000000eb400000,0x00000000eb981490,0x00000000ec400000)
  from space 2560K, 0% used [0x00000000ec680000,0x00000000ec680000,0x00000000ec900000)
  to   space 2560K, 0% used [0x00000000ec400000,0x00000000ec400000,0x00000000ec680000)
 ParOldGen       total 44032K, used 0K [0x00000000c1c00000, 0x00000000c4700000, 0x00000000eb400000)
  object space 44032K, 0% used [0x00000000c1c00000,0x00000000c1c00000,0x00000000c4700000)
 Metaspace       used 5038K, capacity 5126K, committed 5248K, reserved 1056768K
  class space    used 592K, capacity 618K, committed 640K, reserved 1048576K

Card table byte_map: [0x0000000011c30000,0x0000000011e30000] byte_map_base: 0x0000000011622000

Marking Bits: (ParMarkBitMap*) 0x000000006a050600
 Begin Bits: [0x00000000126d0000, 0x0000000013660000)
 End Bits:   [0x0000000013660000, 0x00000000145f0000)

Polling page: 0x0000000000540000

CodeCache: size=245760Kb used=1314Kb max_used=1314Kb free=244445Kb
 bounds [0x0000000002870000, 0x0000000002ae0000, 0x0000000011870000]
 total_blobs=479 nmethods=186 adapters=206
 compilation: enabled

Compilation events (10 events):
Event: 1.217 Thread 0x00000000569d3000 nmethod 172 0x00000000029b0b90 code [0x00000000029b0d00, 0x00000000029b0e88]
Event: 1.217 Thread 0x00000000569d3000  173       1       javax.management.ImmutableDescriptor::isEmpty (46 bytes)
Event: 1.217 Thread 0x00000000569d3000 nmethod 173 0x00000000029b0f90 code [0x00000000029b1100, 0x00000000029b1348]
Event: 1.218 Thread 0x00000000569d3000  174       1       javax.management.MBeanFeatureInfo::getName (5 bytes)
Event: 1.218 Thread 0x00000000569d3000 nmethod 174 0x00000000029b14d0 code [0x00000000029b1620, 0x00000000029b1730]
Event: 1.218 Thread 0x00000000569d3000  175       1       java.util.Arrays::binarySearch0 (95 bytes)
Event: 1.218 Thread 0x00000000569d3000 nmethod 175 0x00000000029b1790 code [0x00000000029b1900, 0x00000000029b1af8]
Event: 1.218 Thread 0x00000000569d3000  176       1       java.util.HashMap$HashIterator::hasNext (13 bytes)
Event: 1.218 Thread 0x00000000569d3000 nmethod 176 0x00000000029b1c90 code [0x00000000029b1de0, 0x00000000029b1f10]
Event: 1.221 Thread 0x00000000569d3000  177   !   1       java.io.WinNTFileSystem::resolve (362 bytes)

GC Heap History (0 events):
No events

Deoptimization events (0 events):
No events

Internal exceptions (10 events):
Event: 0.136 Thread 0x0000000001d5b000 Exception <a 'java/lang/NoSuchMethodError': Method sun.misc.Unsafe.defineClass(Ljava/lang/String;[BII)Ljava/lang/Class; name or signature does not match> (0x00000000eb407cc0) thrown at [C:\re\workspace\8-2-build-windows-amd64-cygwin\jdk8u74\6087\hotspot\srkÓÕ[‘qÁ?
Event: 0.136 Thread 0x0000000001d5b000 Exception <a 'java/lang/NoSuchMethodError': Method sun.misc.Unsafe.prefetchRead(Ljava/lang/Object;J)V name or signature does not match> (0x00000000eb407fa8) thrown at [C:\re\workspace\8-2-build-windows-amd64-cygwin\jdk8u74\6087\hotspot\src\share\vm\prims\j}ËlJñò?
Event: 1.184 Thread 0x0000000001d5b000 Exception <a 'java/lang/ArrayIndexOutOfBoundsException'> (0x00000000eb8cc6d8) thrown at [C:\re\workspace\8-2-build-windows-amd64-cygwin\jdk8u74\6087\hotspot\src\share\vm\runtime\sharedRuntime.cpp, line 605]
Event: 1.185 Thread 0x0000000001d5b000 Exception <a 'java/lang/ArrayIndexOutOfBoundsException'> (0x00000000eb8cece8) thrown at [C:\re\workspace\8-2-build-windows-amd64-cygwin\jdk8u74\6087\hotspot\src\share\vm\runtime\sharedRuntime.cpp, line 605]
Event: 1.185 Thread 0x0000000001d5b000 Exception <a 'java/lang/ArrayIndexOutOfBoundsException'> (0x00000000eb8d0368) thrown at [C:\re\workspace\8-2-build-windows-amd64-cygwin\jdk8u74\6087\hotspot\src\share\vm\runtime\sharedRuntime.cpp, line 605]
Event: 1.186 Thread 0x0000000001d5b000 Exception <a 'java/lang/ArrayIndexOutOfBoundsException'> (0x00000000eb8d60e8) thrown at [C:\re\workspace\8-2-build-windows-amd64-cygwin\jdk8u74\6087\hotspot\src\share\vm\runtime\sharedRuntime.cpp, line 605]
Event: 1.200 Thread 0x0000000001d5b000 Exception <a 'java/lang/ArrayIndexOutOfBoundsException'> (0x00000000eb903790) thrown at [C:\re\workspace\8-2-build-windows-amd64-cygwin\jdk8u74\6087\hotspot\src\share\vm\runtime\sharedRuntime.cpp, line 605]
Event: 1.200 Thread 0x0000000001d5b000 Exception <a 'java/lang/ArrayIndexOutOfBoundsException'> (0x00000000eb904e30) thrown at [C:\re\workspace\8-2-build-windows-amd64-cygwin\jdk8u74\6087\hotspot\src\share\vm\runtime\sharedRuntime.cpp, line 605]
Event: 1.201 Thread 0x0000000001d5b000 Exception <a 'java/lang/ArrayIndexOutOfBoundsException'> (0x00000000eb9077b8) thrown at [C:\re\workspace\8-2-build-windows-amd64-cygwin\jdk8u74\6087\hotspot\src\share\vm\runtime\sharedRuntime.cpp, line 605]
Event: 1.216 Thread 0x0000000001d5b000 Exception <a 'java/lang/ArrayIndexOutOfBoundsException'> (0x00000000eb934430) thrown at [C:\re\workspace\8-2-build-windows-amd64-cygwin\jdk8u74\6087\hotspot\src\share\vm\runtime\sharedRuntime.cpp, line 605]

Events (10 events):
Event: 1.222 loading class sun/nio/ch/FileChannelImpl$1 done
Event: 1.223 loading class com/sun/management/UnixOperatingSystemMXBean
Event: 1.223 loading class com/sun/management/UnixOperatingSystemMXBean done
Event: 1.223 loading class java/util/Collections$EmptyIterator
Event: 1.223 loading class java/util/Collections$EmptyIterator done
Event: 1.223 loading class com/sun/management/HotSpotDiagnosticMXBean
Event: 1.223 loading class com/sun/management/HotSpotDiagnosticMXBean done
Event: 1.223 loading class sun/management/HotSpotDiagnostic
Event: 1.223 loading class sun/management/HotSpotDiagnostic done
Event: 1.224 loading class java/io/IOException


Dynamic libraries:
0x000000013fbe0000 - 0x000000013fc17000 	D:\JDK1.8.0_74_x64\bin\java.exe
0x0000000077110000 - 0x00000000772ba000 	C:\Windows\SYSTEM32\ntdll.dll
0x0000000076a30000 - 0x0000000076b4f000 	C:\Windows\system32\kernel32.dll
0x000007fefd8d0000 - 0x000007fefd93a000 	C:\Windows\system32\KERNELBASE.dll
0x000007fefee60000 - 0x000007fefef3b000 	C:\Windows\system32\ADVAPI32.dll
0x000007fefef40000 - 0x000007fefefdf000 	C:\Windows\system32\msvcrt.dll
0x000007feff110000 - 0x000007feff12f000 	C:\Windows\SYSTEM32\sechost.dll
0x000007fefd9b0000 - 0x000007fefdadd000 	C:\Windows\system32\RPCRT4.dll
0x0000000076ca0000 - 0x0000000076d9a000 	C:\Windows\system32\USER32.dll
0x000007fefd940000 - 0x000007fefd9a7000 	C:\Windows\system32\GDI32.dll
0x000007fefedb0000 - 0x000007fefedbe000 	C:\Windows\system32\LPK.dll
0x000007feff040000 - 0x000007feff109000 	C:\Windows\system32\USP10.dll
0x000007fefbfd0000 - 0x000007fefc1c4000 	C:\Windows\WinSxS\amd64_microsoft.windows.common-controls_6595b64144ccf1df_6.0.7601.18837_none_fa3b1e3d17594757\COMCTL32.dll
0x000007fefdbe0000 - 0x000007fefdc51000 	C:\Windows\system32\SHLWAPI.dll
0x000007fefea90000 - 0x000007fefeabe000 	C:\Windows\system32\IMM32.DLL
0x000007feff310000 - 0x000007feff419000 	C:\Windows\system32\MSCTF.dll
0x0000000070730000 - 0x0000000070802000 	D:\JDK1.8.0_74_x64\jre\bin\msvcr100.dll
0x0000000069840000 - 0x000000006a0d0000 	D:\JDK1.8.0_74_x64\jre\bin\server\jvm.dll
0x000007fef7100000 - 0x000007fef7109000 	C:\Windows\system32\WSOCK32.dll
0x000007fefefe0000 - 0x000007feff02d000 	C:\Windows\system32\WS2_32.dll
0x000007feff030000 - 0x000007feff038000 	C:\Windows\system32\NSI.dll
0x000007fef7400000 - 0x000007fef743b000 	C:\Windows\system32\WINMM.dll
0x000007fefc660000 - 0x000007fefc66c000 	C:\Windows\system32\VERSION.dll
0x00000000772e0000 - 0x00000000772e7000 	C:\Windows\system32\PSAPI.DLL
0x0000000074620000 - 0x000000007462f000 	D:\JDK1.8.0_74_x64\jre\bin\verify.dll
0x00000000734b0000 - 0x00000000734d9000 	D:\JDK1.8.0_74_x64\jre\bin\java.dll
0x0000000071380000 - 0x00000000713a3000 	D:\JDK1.8.0_74_x64\jre\bin\instrument.dll
0x0000000072b70000 - 0x0000000072b86000 	D:\JDK1.8.0_74_x64\jre\bin\zip.dll
0x000007fefdc80000 - 0x000007fefea0a000 	C:\Windows\system32\SHELL32.dll
0x000007fefeac0000 - 0x000007fefecc3000 	C:\Windows\system32\ole32.dll
0x000007fefd570000 - 0x000007fefd57f000 	C:\Windows\system32\profapi.dll
0x000007fef5400000 - 0x000007fef541a000 	D:\idea2019.1.3\IntelliJ IDEA 2019.1.3\bin\breakgen64.dll
0x0000000070b10000 - 0x0000000070b2a000 	D:\JDK1.8.0_74_x64\jre\bin\net.dll
0x000007fefcde0000 - 0x000007fefce35000 	C:\Windows\system32\mswsock.dll
0x000007fefcdd0000 - 0x000007fefcdd7000 	C:\Windows\System32\wship6.dll
0x000007fefc730000 - 0x000007fefc737000 	C:\Windows\System32\wshtcpip.dll
0x000007fefcc60000 - 0x000007fefccbb000 	C:\Windows\system32\DNSAPI.dll
0x0000000071300000 - 0x0000000071335000 	C:\Program Files\Bonjour\mdnsNSP.dll
0x000007fefae40000 - 0x000007fefae67000 	C:\Windows\system32\Iphlpapi.DLL
0x000007fefae30000 - 0x000007fefae3b000 	C:\Windows\system32\WINNSI.DLL
0x000007fef5690000 - 0x000007fef5698000 	C:\Windows\system32\rasadhlp.dll
0x000007fefacc0000 - 0x000007fefad13000 	C:\Windows\System32\fwpuclnt.dll
0x00000000734a0000 - 0x00000000734ad000 	D:\JDK1.8.0_74_x64\jre\bin\management.dll
0x0000000070af0000 - 0x0000000070b01000 	D:\JDK1.8.0_74_x64\jre\bin\nio.dll

VM Arguments:
jvm_args: -XX:TieredStopAtLevel=1 -Xverify:none -Dspring.output.ansi.enabled=always -Dcom.sun.management.jmxremote -Dspring.jmx.enabled=true -Dspring.liveBeansView.mbeanDomain -Dspring.application.admin.enabled=true -javaagent:D:\idea2019.1.3\IntelliJ IDEA 2019.1.3\lib\idea_rt.jar=52537:D:\idea2019.1.3\IntelliJ IDEA 2019.1.3\bin -Dfile.encoding=UTF-8 
java_command: com.woniuxy.SpringbootShiroJwtApplication
java_class_path (initial): D:\JDK1.8.0_74_x64\jre\lib\charsets.jar;D:\JDK1.8.0_74_x64\jre\lib\deploy.jar;D:\JDK1.8.0_74_x64\jre\lib\ext\access-bridge-64.jar;D:\JDK1.8.0_74_x64\jre\lib\ext\cldrdata.jar;D:\JDK1.8.0_74_x64\jre\lib\ext\dnsns.jar;D:\JDK1.8.0_74_x64\jre\lib\ext\jaccess.jar;D:\JDK1.8.0_74_x64\jre\lib\ext\jfxrt.jar;D:\JDK1.8.0_74_x64\jre\lib\ext\localedata.jar;D:\JDK1.8.0_74_x64\jre\lib\ext\nashorn.jar;D:\JDK1.8.0_74_x64\jre\lib\ext\sunec.jar;D:\JDK1.8.0_74_x64\jre\lib\ext\sunjce_provider.jar;D:\JDK1.8.0_74_x64\jre\lib\ext\sunmscapi.jar;D:\JDK1.8.0_74_x64\jre\lib\ext\sunpkcs11.jar;D:\JDK1.8.0_74_x64\jre\lib\ext\zipfs.jar;D:\JDK1.8.0_74_x64\jre\lib\javaws.jar;D:\JDK1.8.0_74_x64\jre\lib\jce.jar;D:\JDK1.8.0_74_x64\jre\lib\jfr.jar;D:\JDK1.8.0_74_x64\jre\lib\jfxswt.jar;D:\JDK1.8.0_74_x64\jre\lib\jsse.jar;D:\JDK1.8.0_74_x64\jre\lib\management-agent.jar;D:\JDK1.8.0_74_x64\jre\lib\plugin.jar;D:\JDK1.8.0_74_x64\jre\lib\resources.jar;D:\JDK1.8.0_74_x64\jre\lib\rt.jar;D:\idea2019.1.3\idea-workspace\jwt\springboot-shiro-jwt\target\classes;D:\maven\localRepository\org\springframework\boot\spring-boot-starter-web\2.4.3\spring-boot-starter-web-2.4.3.jar;D:\maven\localRepository\org\springframework\boot\spring-boot-starter\2.4.3\spring-boot-starter-2.4.3.jar;D:\maven\localRepository\org\springframework\boot\spring-boot\2.4.3\spring-boot-2.4.3.jar;D:\maven\localRepository\org\springframework\boot\spring-boot-starter-logging\2.4.3\spring-boot-starter-logging-2.4.3.jar;D:\maven\localRepository\ch\qos\logback\logback-classic\1.2.3\logback-classic-1.2.3.jar;D:\maven\localRepository\ch\qos\logback\logback-core\1.2.3\logback-core-1.2.3.jar;D:\maven\localRepository\org\apache\logging\log4j\log4j-to-slf4j\2.13.3\log4j-to-slf4j-2.13.3.jar;D:\maven\localRepository\org\apache\logging\log4j\log4j-api\2.13.3\log4j-api-2.13.3.jar;D:\maven\localRepository\org\slf4j\jul-to-slf4j\1.7.30\jul-to-slf4j-1.7.30.jar;D:\maven\localRepository\jakarta\annotation\jakarta.annotation-api\1.3.5\jakart
Launcher Type: SUN_STANDARD

Environment Variables:
JAVA_HOME=D:\JDK1.8.0_74_x64
PATH=D:\JDK1.8.0_74_x64\bin;D:\JDK1.8.0_74_x64\jre\bin;system32;C:\Windows;C:\Windows\System32\Wbem;C:\Windows\System32\WindowsPowerShell\v1.0\;D:\Windows-DÅÌ¸üÐÂÈí¼þ\Win7ÓÅ»¯´óÊ¦ÂÌÉ«;D:\Mysql\mysql-5.6.44-winx64\bin;%MAVEN_HOME%\bin;D:\Vue\windows7\node-v12.18.4-win-x64;D:\nodejs\repository\npm_global;D:\JDK1.8.0_74_x64\bin;D:\JDK1.8.0_74_x64\jre\bin;system32;C:\Windows;C:\Windows\System32\Wbem;C:\Windows\System32\WindowsPowerShell\v1.0\;D:\Windows-DÅÌ¸üÐÂÈí¼þ\Win7ÓÅ»¯´óÊ¦ÂÌÉ«;D:\Mysql\mysql-5.6.44-winx64\bin;C:\Windows\system32;D:\maven\apache-maven-3.6.0\bin
USERNAME=Administrator
OS=Windows_NT
PROCESSOR_IDENTIFIER=Intel64 Family 6 Model 42 Stepping 7, GenuineIntel



---------------  S Y S T E M  ---------------

OS: Windows 7 , 64 bit Build 7601 (6.1.7601.23539)

CPU:total 4 (2 cores per cpu, 2 threads per core) family 6 model 42 stepping 7, cmov, cx8, fxsr, mmx, sse, sse2, sse3, ssse3, sse4.1, sse4.2, popcnt, avx, aes, clmul, ht, tsc, tscinvbit

Memory: 4k page, physical 4073712k(350104k free), swap 6169004k(5076k free)

vm_info: Java HotSpot(TM) 64-Bit Server VM (25.74-b02) for windows-amd64 JRE (1.8.0_74-b02), built on Jan 29 2016 17:42:36 by "java_re" with MS VC++ 10.0 (VS2010)

time: Tue Mar 02 13:43:06 2021
elapsed time: 1 seconds (0d 0h 0m 1s)

